

Version:	3.12
CmdLine:	F:\Coding Projects\DoublePendulum\jar\DoublePendulum.exe --l4j-debug
WOW64:		yes
Working dir:	F:\Coding Projects\DoublePendulum\jar\.
Java min ver:	1.008.000
Java max ver:	
64-bit search:	SOFTWARE\JavaSoft\Java Runtime Environment...
Check:		SOFTWARE\JavaSoft\Java Runtime Environment\1.8
Check launcher:	C:\Program Files\Java\jre1.8.0_171\bin\javaw.exe (OK)
Match:		1.008.000
Check:		SOFTWARE\JavaSoft\Java Runtime Environment\1.8.0_151
Check launcher:	C:\Program Files\Java\jre1.8.0_151\bin\javaw.exe (OK)
Match:		1.008.000_151
Check:		SOFTWARE\JavaSoft\Java Runtime Environment\1.8.0_171
Check launcher:	C:\Program Files\Java\jre1.8.0_171\bin\javaw.exe (OK)
Match:		1.008.000_171
64-bit search:	SOFTWARE\JavaSoft\Java Development Kit...
Check:		SOFTWARE\JavaSoft\Java Development Kit\1.8
Ignore:		1.008.000
Check:		SOFTWARE\JavaSoft\Java Development Kit\1.8.0_111
Ignore:		1.008.000_111
Check:		SOFTWARE\JavaSoft\Java Development Kit\1.8.0_171
Ignore:		1.008.000_171
64-bit search:	SOFTWARE\JavaSoft\JRE...
Check:		SOFTWARE\JavaSoft\JRE\9.0.1
Check launcher:	C:\Program Files\Java\jre-9.0.1\bin\javaw.exe (OK)
Match:		1.009.000_001
64-bit search:	SOFTWARE\JavaSoft\JDK...
Check:		SOFTWARE\JavaSoft\JDK\9.0.1
Ignore:		1.009.000_001
Runtime used:	1.009.000_001 (64-bit)
Launcher:	C:\Program Files\Java\jre-9.0.1\bin\javaw.exe
Launcher args:	-jar "F:\Coding Projects\DoublePendulum\jar\DoublePendulum.exe"
Args length:	63/32768 chars
Exit code:	0


Version:	3.12
CmdLine:	F:\Coding Projects\DoublePendulum\jar\DoublePendulum.exe --l4j-debug
WOW64:		yes
Working dir:	F:\Coding Projects\DoublePendulum\jar\.
Java min ver:	1.008.000
Java max ver:	
64-bit search:	SOFTWARE\JavaSoft\Java Runtime Environment...
Check:		SOFTWARE\JavaSoft\Java Runtime Environment\1.8
Check launcher:	C:\Program Files\Java\jre1.8.0_171\bin\javaw.exe (OK)
Match:		1.008.000
Check:		SOFTWARE\JavaSoft\Java Runtime Environment\1.8.0_151
Check launcher:	C:\Program Files\Java\jre1.8.0_151\bin\javaw.exe (OK)
Match:		1.008.000_151
Check:		SOFTWARE\JavaSoft\Java Runtime Environment\1.8.0_171
Check launcher:	C:\Program Files\Java\jre1.8.0_171\bin\javaw.exe (OK)
Match:		1.008.000_171
64-bit search:	SOFTWARE\JavaSoft\Java Development Kit...
Check:		SOFTWARE\JavaSoft\Java Development Kit\1.8
Ignore:		1.008.000
Check:		SOFTWARE\JavaSoft\Java Development Kit\1.8.0_111
Ignore:		1.008.000_111
Check:		SOFTWARE\JavaSoft\Java Development Kit\1.8.0_171
Ignore:		1.008.000_171
64-bit search:	SOFTWARE\JavaSoft\JRE...
Check:		SOFTWARE\JavaSoft\JRE\9.0.1
Check launcher:	C:\Program Files\Java\jre-9.0.1\bin\javaw.exe (OK)
Match:		1.009.000_001
64-bit search:	SOFTWARE\JavaSoft\JDK...
Check:		SOFTWARE\JavaSoft\JDK\9.0.1
Ignore:		1.009.000_001
Runtime used:	1.009.000_001 (64-bit)
Launcher:	C:\Program Files\Java\jre-9.0.1\bin\javaw.exe
Launcher args:	-jar "F:\Coding Projects\DoublePendulum\jar\DoublePendulum.exe"
Args length:	63/32768 chars
Exit code:	0


Version:	3.12
CmdLine:	F:\Coding Projects\DoublePendulum\jar\DoublePendulum.exe --l4j-debug
WOW64:		yes
Working dir:	F:\Coding Projects\DoublePendulum\jar\.
Java min ver:	1.008.000
Java max ver:	
64-bit search:	SOFTWARE\JavaSoft\Java Runtime Environment...
Check:		SOFTWARE\JavaSoft\Java Runtime Environment\1.8
Check launcher:	C:\Program Files\Java\jre1.8.0_171\bin\javaw.exe (OK)
Match:		1.008.000
Check:		SOFTWARE\JavaSoft\Java Runtime Environment\1.8.0_151
Check launcher:	C:\Program Files\Java\jre1.8.0_151\bin\javaw.exe (OK)
Match:		1.008.000_151
Check:		SOFTWARE\JavaSoft\Java Runtime Environment\1.8.0_171
Check launcher:	C:\Program Files\Java\jre1.8.0_171\bin\javaw.exe (OK)
Match:		1.008.000_171
64-bit search:	SOFTWARE\JavaSoft\Java Development Kit...
Check:		SOFTWARE\JavaSoft\Java Development Kit\1.8
Ignore:		1.008.000
Check:		SOFTWARE\JavaSoft\Java Development Kit\1.8.0_111
Ignore:		1.008.000_111
Check:		SOFTWARE\JavaSoft\Java Development Kit\1.8.0_171
Ignore:		1.008.000_171
64-bit search:	SOFTWARE\JavaSoft\JRE...
Check:		SOFTWARE\JavaSoft\JRE\9.0.1
Check launcher:	C:\Program Files\Java\jre-9.0.1\bin\javaw.exe (OK)
Match:		1.009.000_001
64-bit search:	SOFTWARE\JavaSoft\JDK...
Check:		SOFTWARE\JavaSoft\JDK\9.0.1
Ignore:		1.009.000_001
Runtime used:	1.009.000_001 (64-bit)
Launcher:	C:\Program Files\Java\jre-9.0.1\bin\javaw.exe
Launcher args:	-jar "F:\Coding Projects\DoublePendulum\jar\DoublePendulum.exe"
Args length:	63/32768 chars
Exit code:	0


Version:	3.12
CmdLine:	F:\Coding Projects\DoublePendulum\jar\DoublePendulum.exe --l4j-debug
WOW64:		yes
Working dir:	F:\Coding Projects\DoublePendulum\jar\.
Java min ver:	1.008.000
Java max ver:	
64-bit search:	SOFTWARE\JavaSoft\Java Runtime Environment...
Check:		SOFTWARE\JavaSoft\Java Runtime Environment\1.8
Check launcher:	C:\Program Files\Java\jre1.8.0_171\bin\javaw.exe (OK)
Match:		1.008.000
Check:		SOFTWARE\JavaSoft\Java Runtime Environment\1.8.0_151
Check launcher:	C:\Program Files\Java\jre1.8.0_151\bin\javaw.exe (OK)
Match:		1.008.000_151
Check:		SOFTWARE\JavaSoft\Java Runtime Environment\1.8.0_171
Check launcher:	C:\Program Files\Java\jre1.8.0_171\bin\javaw.exe (OK)
Match:		1.008.000_171
64-bit search:	SOFTWARE\JavaSoft\Java Development Kit...
Check:		SOFTWARE\JavaSoft\Java Development Kit\1.8
Ignore:		1.008.000
Check:		SOFTWARE\JavaSoft\Java Development Kit\1.8.0_111
Ignore:		1.008.000_111
Check:		SOFTWARE\JavaSoft\Java Development Kit\1.8.0_171
Ignore:		1.008.000_171
64-bit search:	SOFTWARE\JavaSoft\JRE...
Check:		SOFTWARE\JavaSoft\JRE\9.0.1
Check launcher:	C:\Program Files\Java\jre-9.0.1\bin\javaw.exe (OK)
Match:		1.009.000_001
64-bit search:	SOFTWARE\JavaSoft\JDK...
Check:		SOFTWARE\JavaSoft\JDK\9.0.1
Ignore:		1.009.000_001
Runtime used:	1.009.000_001 (64-bit)
Launcher:	C:\Program Files\Java\jre-9.0.1\bin\javaw.exe
Launcher args:	-jar "F:\Coding Projects\DoublePendulum\jar\DoublePendulum.exe"
Args length:	63/32768 chars
Exit code:	0


Version:	3.12
CmdLine:	F:\Coding Projects\DoublePendulum\jar\DoublePendulum.exe --l4j-debug
WOW64:		yes
Working dir:	F:\Coding Projects\DoublePendulum\jar\.
Java min ver:	1.008.000
Java max ver:	
64-bit search:	SOFTWARE\JavaSoft\Java Runtime Environment...
Check:		SOFTWARE\JavaSoft\Java Runtime Environment\1.8
Check launcher:	C:\Program Files\Java\jre1.8.0_171\bin\javaw.exe (OK)
Match:		1.008.000
Check:		SOFTWARE\JavaSoft\Java Runtime Environment\1.8.0_151
Check launcher:	C:\Program Files\Java\jre1.8.0_151\bin\javaw.exe (OK)
Match:		1.008.000_151
Check:		SOFTWARE\JavaSoft\Java Runtime Environment\1.8.0_171
Check launcher:	C:\Program Files\Java\jre1.8.0_171\bin\javaw.exe (OK)
Match:		1.008.000_171
64-bit search:	SOFTWARE\JavaSoft\Java Development Kit...
Check:		SOFTWARE\JavaSoft\Java Development Kit\1.8
Ignore:		1.008.000
Check:		SOFTWARE\JavaSoft\Java Development Kit\1.8.0_111
Ignore:		1.008.000_111
Check:		SOFTWARE\JavaSoft\Java Development Kit\1.8.0_171
Ignore:		1.008.000_171
64-bit search:	SOFTWARE\JavaSoft\JRE...
Check:		SOFTWARE\JavaSoft\JRE\9.0.1
Check launcher:	C:\Program Files\Java\jre-9.0.1\bin\javaw.exe (OK)
Match:		1.009.000_001
64-bit search:	SOFTWARE\JavaSoft\JDK...
Check:		SOFTWARE\JavaSoft\JDK\9.0.1
Ignore:		1.009.000_001
Runtime used:	1.009.000_001 (64-bit)
Launcher:	C:\Program Files\Java\jre-9.0.1\bin\javaw.exe
Launcher args:	-jar "F:\Coding Projects\DoublePendulum\jar\DoublePendulum.exe"
Args length:	63/32768 chars
Exit code:	0


Version:	3.12
CmdLine:	F:\Coding Projects\DoublePendulum\jar\DoublePendulum.exe --l4j-debug
WOW64:		yes
Working dir:	F:\Coding Projects\DoublePendulum\jar\.
Java min ver:	1.008.000
Java max ver:	
64-bit search:	SOFTWARE\JavaSoft\Java Runtime Environment...
Check:		SOFTWARE\JavaSoft\Java Runtime Environment\1.8
Check launcher:	C:\Program Files\Java\jre1.8.0_171\bin\javaw.exe (OK)
Match:		1.008.000
Check:		SOFTWARE\JavaSoft\Java Runtime Environment\1.8.0_151
Check launcher:	C:\Program Files\Java\jre1.8.0_151\bin\javaw.exe (OK)
Match:		1.008.000_151
Check:		SOFTWARE\JavaSoft\Java Runtime Environment\1.8.0_171
Check launcher:	C:\Program Files\Java\jre1.8.0_171\bin\javaw.exe (OK)
Match:		1.008.000_171
64-bit search:	SOFTWARE\JavaSoft\Java Development Kit...
Check:		SOFTWARE\JavaSoft\Java Development Kit\1.8
Ignore:		1.008.000
Check:		SOFTWARE\JavaSoft\Java Development Kit\1.8.0_111
Ignore:		1.008.000_111
Check:		SOFTWARE\JavaSoft\Java Development Kit\1.8.0_171
Ignore:		1.008.000_171
64-bit search:	SOFTWARE\JavaSoft\JRE...
Check:		SOFTWARE\JavaSoft\JRE\9.0.1
Check launcher:	C:\Program Files\Java\jre-9.0.1\bin\javaw.exe (OK)
Match:		1.009.000_001
64-bit search:	SOFTWARE\JavaSoft\JDK...
Check:		SOFTWARE\JavaSoft\JDK\9.0.1
Ignore:		1.009.000_001
Runtime used:	1.009.000_001 (64-bit)
Launcher:	C:\Program Files\Java\jre-9.0.1\bin\javaw.exe
Launcher args:	-jar "F:\Coding Projects\DoublePendulum\jar\DoublePendulum.exe"
Args length:	63/32768 chars
Exit code:	0
